#
# A fatal error has been detected by the Java Runtime Environment:
#
#  EXCEPTION_ACCESS_VIOLATION (0xc0000005) at pc=0x0000000059f35368, pid=5444, tid=0x0000000000001df0
#
# JRE version: Java(TM) SE Runtime Environment (8.0_201-b09) (build 1.8.0_201-b09)
# Java VM: Java HotSpot(TM) 64-Bit Server VM (25.201-b09 mixed mode windows-amd64 compressed oops)
# Problematic frame:
# V  [jvm.dll+0x115368]
#
# Failed to write core dump. Minidumps are not enabled by default on client versions of Windows
#
# If you would like to submit a bug report, please visit:
#   http://bugreport.java.com/bugreport/crash.jsp
#

---------------  T H R E A D  ---------------

Current thread (0x0000000002e0d000):  GCTaskThread [stack: 0x00000000128b0000,0x00000000129b0000] [id=7664]

siginfo: ExceptionCode=0xc0000005, reading address 0xffffffffffffffff

Registers:
RAX=0x0000000012bb0000, RBX=0x0000000000040000, RCX=0x0000000000000000, RDX=0x0000000000000000
RSP=0x00000000129af7e0, RBP=0x00000000eaa68bd0, RSI=0x0000000002ee0230, RDI=0x0000000002ee0230
R8 =0x007fffffffaf5200, R9 =0x0000000100001ef8, R10=0x000000000000000c, R11=0x000000005a427c38
R12=0x00000000eaa68bdc, R13=0x0000000100002178, R14=0x0000000100002180, R15=0x00000000eaa68b98
RIP=0x0000000059f35368, EFLAGS=0x0000000000010246

Top of Stack: (sp=0x00000000129af7e0)
0x00000000129af7e0:   0000000100001ef8 00000000eaa68c3c
0x00000000129af7f0:   0000000000000002 0000000059f351f9
0x00000000129af800:   0000000000000000 00000000000003d8
0x00000000129af810:   0000000002e0d828 0000000002e03fc0
0x00000000129af820:   00000000eaa68b98 0000000059f3af05
0x00000000129af830:   00000000eaa68c00 0000000002ee0230
0x00000000129af840:   0000000002ee0230 0000000002e0d450
0x00000000129af850:   00000000166755d0 000000005a21b8b0
0x00000000129af860:   0000000002ee0230 0000000002e03fc0
0x00000000129af870:   0000000002e0d450 000000000000076f
0x00000000129af880:   0000000000000000 0000000000000c00
0x00000000129af890:   0000000000000000 0000000000000000
0x00000000129af8a0:   0000000000000000 0000000017e6b000
0x00000000129af8b0:   0000000000000001 0000000000000001
0x00000000129af8c0:   0000cc6417cbd323 0000000002e0d828
0x00000000129af8d0:   0000000002e0d450 00000000000003d8 

Instructions: (pc=0x0000000059f35368)
0x0000000059f35348:   05 93 f9 70 00 49 c1 e8 03 49 d3 e8 41 0f b6 c0
0x0000000059f35358:   49 c1 e8 06 24 3f 0f b6 d0 48 8b 05 a8 f9 70 00
0x0000000059f35368:   4a 8b 0c c0 48 0f a3 d1 0f 82 59 01 00 00 0f b6
0x0000000059f35378:   15 c4 05 70 00 84 d2 74 16 44 8b 43 08 8b 0d dd 


Register to memory mapping:

RAX=0x0000000012bb0000 is an unknown value
RBX=0x0000000000040000 is an unknown value
RCX=0x0000000000000000 is an unknown value
RDX=0x0000000000000000 is an unknown value
RSP=0x00000000129af7e0 is an unknown value
RBP=0x00000000eaa68bd0 is an oop

[error occurred during error reporting (printing register info), id 0xc0000005]

Stack: [0x00000000128b0000,0x00000000129b0000],  sp=0x00000000129af7e0,  free space=1021k
Native frames: (J=compiled Java code, j=interpreted, Vv=VM code, C=native code)
V  [jvm.dll+0x115368]
V  [jvm.dll+0x11af05]
V  [jvm.dll+0x3fb8b0]
V  [jvm.dll+0x3f8813]
V  [jvm.dll+0x3f665e]
V  [jvm.dll+0x29fb6a]
C  [msvcr100.dll+0x21db7]
C  [msvcr100.dll+0x21e53]
C  [KERNEL32.DLL+0x181f4]
C  [ntdll.dll+0x6a251]


---------------  P R O C E S S  ---------------

Java Threads: ( => current thread )
  0x0000000017e71800 JavaThread "MVStore background writer nio:C:/Users/PC/test.mv.db" daemon [_thread_blocked, id=7536, stack(0x000000001d280000,0x000000001d380000)]
  0x0000000017e6b000 JavaThread "container-0" [_thread_blocked, id=3896, stack(0x000000001ce80000,0x000000001cf80000)]
  0x0000000017e6d000 JavaThread "Catalina-utility-2" [_thread_blocked, id=5736, stack(0x000000001cd80000,0x000000001ce80000)]
  0x0000000017e6e800 JavaThread "Catalina-utility-1" [_thread_blocked, id=5392, stack(0x000000001cc80000,0x000000001cd80000)]
  0x0000000017e27000 JavaThread "restartedMain" [_thread_blocked, id=8132, stack(0x0000000019eb0000,0x0000000019fb0000)]
  0x0000000018b76800 JavaThread "Thread-2" [_thread_blocked, id=6972, stack(0x0000000019db0000,0x0000000019eb0000)]
  0x0000000018b3e800 JavaThread "RMI Scheduler(0)" daemon [_thread_blocked, id=8156, stack(0x0000000019bb0000,0x0000000019cb0000)]
  0x0000000018b3d800 JavaThread "RMI TCP Connection(2)-127.0.0.1" daemon [_thread_in_native, id=5828, stack(0x0000000019ab0000,0x0000000019bb0000)]
  0x0000000018b31800 JavaThread "RMI TCP Connection(1)-127.0.0.1" daemon [_thread_blocked, id=6304, stack(0x00000000199b0000,0x0000000019ab0000)]
  0x0000000018901000 JavaThread "RMI TCP Accept-0" daemon [_thread_in_native, id=2180, stack(0x0000000019450000,0x0000000019550000)]
  0x00000000188fa800 JavaThread "RMI TCP Accept-51309" daemon [_thread_in_native, id=6212, stack(0x0000000019350000,0x0000000019450000)]
  0x00000000188af800 JavaThread "RMI TCP Accept-0" daemon [_thread_in_native, id=2868, stack(0x0000000019250000,0x0000000019350000)]
  0x0000000018174800 JavaThread "Service Thread" daemon [_thread_blocked, id=7160, stack(0x0000000018610000,0x0000000018710000)]
  0x0000000018156000 JavaThread "C1 CompilerThread2" daemon [_thread_blocked, id=4184, stack(0x0000000018510000,0x0000000018610000)]
  0x0000000018100800 JavaThread "C2 CompilerThread1" daemon [_thread_blocked, id=3460, stack(0x0000000018410000,0x0000000018510000)]
  0x0000000018083000 JavaThread "C2 CompilerThread0" daemon [_thread_blocked, id=6776, stack(0x0000000018310000,0x0000000018410000)]
  0x000000001807a000 JavaThread "Monitor Ctrl-Break" daemon [_thread_in_native, id=5592, stack(0x0000000018210000,0x0000000018310000)]
  0x00000000167af000 JavaThread "Attach Listener" daemon [_thread_blocked, id=6368, stack(0x0000000017d00000,0x0000000017e00000)]
  0x00000000167ae000 JavaThread "Signal Dispatcher" daemon [_thread_blocked, id=7924, stack(0x0000000017c00000,0x0000000017d00000)]
  0x0000000016790800 JavaThread "Finalizer" daemon [_thread_blocked, id=5468, stack(0x00000000179f0000,0x0000000017af0000)]
  0x0000000002ee6000 JavaThread "Reference Handler" daemon [_thread_blocked, id=224, stack(0x00000000178f0000,0x00000000179f0000)]
  0x0000000002df6800 JavaThread "main" [_thread_blocked, id=5900, stack(0x0000000002b70000,0x0000000002c70000)]

Other Threads:
  0x0000000016767000 VMThread [stack: 0x00000000177f0000,0x00000000178f0000] [id=3676]
  0x0000000018913800 WatcherThread [stack: 0x00000000196b0000,0x00000000197b0000] [id=7444]

=>0x0000000002e0d000 (exited) GCTaskThread [stack: 0x00000000128b0000,0x00000000129b0000] [id=7664]

VM state:at safepoint (normal execution)

VM Mutex/Monitor currently owned by a thread:  ([mutex/lock_event])
[0x0000000002df2d70] Threads_lock - owner thread: 0x0000000016767000
[0x0000000002df3b00] Heap_lock - owner thread: 0x0000000017e27000

heap address: 0x00000000a1600000, size: 1514 MB, Compressed Oops mode: 32-bit
Narrow klass base: 0x0000000000000000, Narrow klass shift: 3
Compressed class space size: 1073741824 Address: 0x0000000100000000

Heap:
 PSYoungGen      total 171008K, used 10227K [0x00000000e0780000, 0x00000000efa00000, 0x0000000100000000)
  eden space 160768K, 0% used [0x00000000e0780000,0x00000000e0780000,0x00000000ea480000)
  from space 10240K, 99% used [0x00000000ea480000,0x00000000eae7ceb8,0x00000000eae80000)
  to   space 13824K, 0% used [0x00000000eec80000,0x00000000eec80000,0x00000000efa00000)
 ParOldGen       total 41472K, used 15156K [0x00000000a1600000, 0x00000000a3e80000, 0x00000000e0780000)
  object space 41472K, 36% used [0x00000000a1600000,0x00000000a24cd110,0x00000000a3e80000)
 Metaspace       used 33722K, capacity 35394K, committed 35416K, reserved 1079296K
  class space    used 4507K, capacity 4857K, committed 4864K, reserved 1048576K

Card table byte_map: [0x00000000122b0000,0x00000000125b0000] byte_map_base: 0x0000000011da5000

Marking Bits: (ParMarkBitMap*) 0x000000005a644ce0
 Begin Bits: [0x0000000012bb0000, 0x0000000014358000)
 End Bits:   [0x0000000014358000, 0x0000000015b00000)

Polling page: 0x0000000002b40000

CodeCache: size=245760Kb used=7036Kb max_used=7036Kb free=238723Kb
 bounds [0x0000000002ef0000, 0x00000000035d0000, 0x0000000011ef0000]
 total_blobs=3799 nmethods=3340 adapters=371
 compilation: enabled

Compilation events (10 events):
Event: 13.921 Thread 0x0000000018156000 3337       1       java.nio.Buffer::capacity (5 bytes)
Event: 13.921 Thread 0x0000000018156000 nmethod 3337 0x00000000035cd590 code [0x00000000035cd6e0, 0x00000000035cd7f0]
Event: 13.922 Thread 0x0000000018156000 3338       1       java.nio.channels.spi.AbstractInterruptibleChannel::isOpen (5 bytes)
Event: 13.922 Thread 0x0000000018156000 nmethod 3338 0x00000000035cd850 code [0x00000000035cd9a0, 0x00000000035cdab0]
Event: 13.922 Thread 0x0000000018156000 3339       1       java.nio.charset.CharsetDecoder::replaceWith (68 bytes)
Event: 13.923 Thread 0x0000000018156000 nmethod 3339 0x00000000035cdb10 code [0x00000000035cdcc0, 0x00000000035ce038]
Event: 13.964 Thread 0x0000000018156000 3340       1       java.util.regex.ASCII::isType (15 bytes)
Event: 13.965 Thread 0x0000000018156000 nmethod 3340 0x00000000035ce690 code [0x00000000035ce7e0, 0x00000000035ce930]
Event: 13.965 Thread 0x0000000018156000 3341       1       java.util.regex.ASCII::getType (17 bytes)
Event: 13.966 Thread 0x0000000018156000 nmethod 3341 0x00000000035cea10 code [0x00000000035ceb60, 0x00000000035cec90]

GC Heap History (10 events):
Event: 4.032 GC heap after
Heap after GC invocations=6 (full 0):
 PSYoungGen      total 106496K, used 5656K [0x00000000e0780000, 0x00000000e7780000, 0x0000000100000000)
  eden space 98304K, 0% used [0x00000000e0780000,0x00000000e0780000,0x00000000e6780000)
  from space 8192K, 69% used [0x00000000e6f80000,0x00000000e75063e0,0x00000000e7780000)
  to   space 8192K, 0% used [0x00000000e6780000,0x00000000e6780000,0x00000000e6f80000)
 ParOldGen       total 65536K, used 5853K [0x00000000a1600000, 0x00000000a5600000, 0x00000000e0780000)
  object space 65536K, 8% used [0x00000000a1600000,0x00000000a1bb7550,0x00000000a5600000)
 Metaspace       used 20549K, capacity 21120K, committed 21248K, reserved 1067008K
  class space    used 2768K, capacity 2953K, committed 3072K, reserved 1048576K
}
Event: 4.032 GC heap before
{Heap before GC invocations=7 (full 1):
 PSYoungGen      total 106496K, used 5656K [0x00000000e0780000, 0x00000000e7780000, 0x0000000100000000)
  eden space 98304K, 0% used [0x00000000e0780000,0x00000000e0780000,0x00000000e6780000)
  from space 8192K, 69% used [0x00000000e6f80000,0x00000000e75063e0,0x00000000e7780000)
  to   space 8192K, 0% used [0x00000000e6780000,0x00000000e6780000,0x00000000e6f80000)
 ParOldGen       total 65536K, used 5853K [0x00000000a1600000, 0x00000000a5600000, 0x00000000e0780000)
  object space 65536K, 8% used [0x00000000a1600000,0x00000000a1bb7550,0x00000000a5600000)
 Metaspace       used 20549K, capacity 21120K, committed 21248K, reserved 1067008K
  class space    used 2768K, capacity 2953K, committed 3072K, reserved 1048576K
Event: 4.110 GC heap after
Heap after GC invocations=7 (full 1):
 PSYoungGen      total 106496K, used 0K [0x00000000e0780000, 0x00000000e7780000, 0x0000000100000000)
  eden space 98304K, 0% used [0x00000000e0780000,0x00000000e0780000,0x00000000e6780000)
  from space 8192K, 0% used [0x00000000e6f80000,0x00000000e6f80000,0x00000000e7780000)
  to   space 8192K, 0% used [0x00000000e6780000,0x00000000e6780000,0x00000000e6f80000)
 ParOldGen       total 41472K, used 6065K [0x00000000a1600000, 0x00000000a3e80000, 0x00000000e0780000)
  object space 41472K, 14% used [0x00000000a1600000,0x00000000a1bec448,0x00000000a3e80000)
 Metaspace       used 20549K, capacity 21120K, committed 21248K, reserved 1067008K
  class space    used 2768K, capacity 2953K, committed 3072K, reserved 1048576K
}
Event: 7.458 GC heap before
{Heap before GC invocations=8 (full 1):
 PSYoungGen      total 106496K, used 98304K [0x00000000e0780000, 0x00000000e7780000, 0x0000000100000000)
  eden space 98304K, 100% used [0x00000000e0780000,0x00000000e6780000,0x00000000e6780000)
  from space 8192K, 0% used [0x00000000e6f80000,0x00000000e6f80000,0x00000000e7780000)
  to   space 8192K, 0% used [0x00000000e6780000,0x00000000e6780000,0x00000000e6f80000)
 ParOldGen       total 41472K, used 6065K [0x00000000a1600000, 0x00000000a3e80000, 0x00000000e0780000)
  object space 41472K, 14% used [0x00000000a1600000,0x00000000a1bec448,0x00000000a3e80000)
 Metaspace       used 22548K, capacity 23310K, committed 23552K, reserved 1069056K
  class space    used 3048K, capacity 3277K, committed 3328K, reserved 1048576K
Event: 7.491 GC heap after
Heap after GC invocations=8 (full 1):
 PSYoungGen      total 106496K, used 4951K [0x00000000e0780000, 0x00000000eb800000, 0x0000000100000000)
  eden space 98304K, 0% used [0x00000000e0780000,0x00000000e0780000,0x00000000e6780000)
  from space 8192K, 60% used [0x00000000e6780000,0x00000000e6c55d18,0x00000000e6f80000)
  to   space 7680K, 0% used [0x00000000eb080000,0x00000000eb080000,0x00000000eb800000)
 ParOldGen       total 41472K, used 6137K [0x00000000a1600000, 0x00000000a3e80000, 0x00000000e0780000)
  object space 41472K, 14% used [0x00000000a1600000,0x00000000a1bfe458,0x00000000a3e80000)
 Metaspace       used 22548K, capacity 23310K, committed 23552K, reserved 1069056K
  class space    used 3048K, capacity 3277K, committed 3328K, reserved 1048576K
}
Event: 11.450 GC heap before
{Heap before GC invocations=9 (full 1):
 PSYoungGen      total 106496K, used 103255K [0x00000000e0780000, 0x00000000eb800000, 0x0000000100000000)
  eden space 98304K, 100% used [0x00000000e0780000,0x00000000e6780000,0x00000000e6780000)
  from space 8192K, 60% used [0x00000000e6780000,0x00000000e6c55d18,0x00000000e6f80000)
  to   space 7680K, 0% used [0x00000000eb080000,0x00000000eb080000,0x00000000eb800000)
 ParOldGen       total 41472K, used 6137K [0x00000000a1600000, 0x00000000a3e80000, 0x00000000e0780000)
  object space 41472K, 14% used [0x00000000a1600000,0x00000000a1bfe458,0x00000000a3e80000)
 Metaspace       used 28156K, capacity 29776K, committed 29952K, reserved 1075200K
  class space    used 3890K, capacity 4242K, committed 4352K, reserved 1048576K
Event: 11.492 GC heap after
Heap after GC invocations=9 (full 1):
 PSYoungGen      total 168448K, used 7669K [0x00000000e0780000, 0x00000000eb880000, 0x0000000100000000)
  eden space 160768K, 0% used [0x00000000e0780000,0x00000000e0780000,0x00000000ea480000)
  from space 7680K, 99% used [0x00000000eb080000,0x00000000eb7fd418,0x00000000eb800000)
  to   space 10240K, 0% used [0x00000000ea480000,0x00000000ea480000,0x00000000eae80000)
 ParOldGen       total 41472K, used 9504K [0x00000000a1600000, 0x00000000a3e80000, 0x00000000e0780000)
  object space 41472K, 22% used [0x00000000a1600000,0x00000000a1f48088,0x00000000a3e80000)
 Metaspace       used 28156K, capacity 29776K, committed 29952K, reserved 1075200K
  class space    used 3890K, capacity 4242K, committed 4352K, reserved 1048576K
}
Event: 13.992 GC heap before
{Heap before GC invocations=10 (full 1):
 PSYoungGen      total 168448K, used 133762K [0x00000000e0780000, 0x00000000eb880000, 0x0000000100000000)
  eden space 160768K, 78% used [0x00000000e0780000,0x00000000e82a37c8,0x00000000ea480000)
  from space 7680K, 99% used [0x00000000eb080000,0x00000000eb7fd418,0x00000000eb800000)
  to   space 10240K, 0% used [0x00000000ea480000,0x00000000ea480000,0x00000000eae80000)
 ParOldGen       total 41472K, used 9504K [0x00000000a1600000, 0x00000000a3e80000, 0x00000000e0780000)
  object space 41472K, 22% used [0x00000000a1600000,0x00000000a1f48088,0x00000000a3e80000)
 Metaspace       used 33722K, capacity 35394K, committed 35416K, reserved 1079296K
  class space    used 4507K, capacity 4857K, committed 4864K, reserved 1048576K
Event: 14.051 GC heap after
Heap after GC invocations=10 (full 1):
 PSYoungGen      total 171008K, used 10227K [0x00000000e0780000, 0x00000000efa00000, 0x0000000100000000)
  eden space 160768K, 0% used [0x00000000e0780000,0x00000000e0780000,0x00000000ea480000)
  from space 10240K, 99% used [0x00000000ea480000,0x00000000eae7ceb8,0x00000000eae80000)
  to   space 13824K, 0% used [0x00000000eec80000,0x00000000eec80000,0x00000000efa00000)
 ParOldGen       total 41472K, used 15156K [0x00000000a1600000, 0x00000000a3e80000, 0x00000000e0780000)
  object space 41472K, 36% used [0x00000000a1600000,0x00000000a24cd110,0x00000000a3e80000)
 Metaspace       used 33722K, capacity 35394K, committed 35416K, reserved 1079296K
  class space    used 4507K, capacity 4857K, committed 4864K, reserved 1048576K
}
Event: 14.052 GC heap before
{Heap before GC invocations=11 (full 2):
 PSYoungGen      total 171008K, used 10227K [0x00000000e0780000, 0x00000000efa00000, 0x0000000100000000)
  eden space 160768K, 0% used [0x00000000e0780000,0x00000000e0780000,0x00000000ea480000)
  from space 10240K, 99% used [0x00000000ea480000,0x00000000eae7ceb8,0x00000000eae80000)
  to   space 13824K, 0% used [0x00000000eec80000,0x00000000eec80000,0x00000000efa00000)
 ParOldGen       total 41472K, used 15156K [0x00000000a1600000, 0x00000000a3e80000, 0x00000000e0780000)
  object space 41472K, 36% used [0x00000000a1600000,0x00000000a24cd110,0x00000000a3e80000)
 Metaspace       used 33722K, capacity 35394K, committed 35416K, reserved 1079296K
  class space    used 4507K, capacity 4857K, committed 4864K, reserved 1048576K

Deoptimization events (0 events):
No events

Classes redefined (0 events):
No events

Internal exceptions (10 events):
Event: 13.293 Thread 0x0000000017e27000 Implicit null exception at 0x00000000034cc3cd to 0x00000000034cc609
Event: 13.294 Thread 0x0000000017e27000 Exception <a 'java/lang/NullPointerException'> (0x00000000e7039e58) thrown at [C:\re\workspace\8-2-build-windows-amd64-cygwin\jdk8u201\12322\hotspot\src\share\vm\runtime\sharedRuntime.cpp, line 605]
Event: 13.315 Thread 0x0000000017e27000 Exception <a 'java/lang/ArrayIndexOutOfBoundsException'> (0x00000000e70e6020) thrown at [C:\re\workspace\8-2-build-windows-amd64-cygwin\jdk8u201\12322\hotspot\src\share\vm\runtime\sharedRuntime.cpp, line 605]
Event: 13.363 Thread 0x0000000017e27000 Exception <a 'java/lang/ArrayIndexOutOfBoundsException'> (0x00000000e71a1608) thrown at [C:\re\workspace\8-2-build-windows-amd64-cygwin\jdk8u201\12322\hotspot\src\share\vm\runtime\sharedRuntime.cpp, line 605]
Event: 13.379 Thread 0x0000000017e27000 Exception <a 'java/lang/ArrayIndexOutOfBoundsException'> (0x00000000e71c17f8) thrown at [C:\re\workspace\8-2-build-windows-amd64-cygwin\jdk8u201\12322\hotspot\src\share\vm\runtime\sharedRuntime.cpp, line 605]
Event: 13.388 Thread 0x0000000017e27000 Exception <a 'java/lang/ArrayIndexOutOfBoundsException'> (0x00000000e71d2b10) thrown at [C:\re\workspace\8-2-build-windows-amd64-cygwin\jdk8u201\12322\hotspot\src\share\vm\runtime\sharedRuntime.cpp, line 605]
Event: 13.411 Thread 0x0000000017e27000 Exception <a 'java/lang/ArrayIndexOutOfBoundsException'> (0x00000000e730cdd8) thrown at [C:\re\workspace\8-2-build-windows-amd64-cygwin\jdk8u201\12322\hotspot\src\share\vm\runtime\sharedRuntime.cpp, line 605]
Event: 13.426 Thread 0x0000000017e27000 Exception <a 'java/lang/ArrayIndexOutOfBoundsException'> (0x00000000e7373628) thrown at [C:\re\workspace\8-2-build-windows-amd64-cygwin\jdk8u201\12322\hotspot\src\share\vm\runtime\sharedRuntime.cpp, line 605]
Event: 13.453 Thread 0x0000000017e27000 Exception <a 'java/lang/ArrayIndexOutOfBoundsException'> (0x00000000e742f428) thrown at [C:\re\workspace\8-2-build-windows-amd64-cygwin\jdk8u201\12322\hotspot\src\share\vm\runtime\sharedRuntime.cpp, line 605]
Event: 13.453 Thread 0x0000000017e27000 Exception <a 'java/lang/ArrayIndexOutOfBoundsException'> (0x00000000e7430df0) thrown at [C:\re\workspace\8-2-build-windows-amd64-cygwin\jdk8u201\12322\hotspot\src\share\vm\runtime\sharedRuntime.cpp, line 605]

Events (10 events):
Event: 13.984 loading class org/h2/table/IndexColumn done
Event: 13.985 loading class org/h2/index/IndexType
Event: 13.985 loading class org/h2/index/IndexType done
Event: 13.986 loading class org/h2/mvstore/db/TransactionStore$Transaction
Event: 13.986 loading class org/h2/mvstore/db/TransactionStore$Transaction done
Event: 13.988 loading class org/h2/mvstore/rtree/SpatialKey
Event: 13.988 loading class org/h2/mvstore/rtree/SpatialKey done
Event: 13.990 loading class org/h2/mvstore/db/TransactionStore$TransactionMap
Event: 13.990 loading class org/h2/mvstore/db/TransactionStore$TransactionMap done
Event: 13.991 Executing VM operation: CollectForMetadataAllocation


Dynamic libraries:
0x00007ff651f70000 - 0x00007ff651fa7000 	C:\Program Files\Java\jdk1.8.0_201\bin\java.exe
0x00007ff8448d0000 - 0x00007ff844abd000 	C:\Windows\SYSTEM32\ntdll.dll
0x00007ff841d90000 - 0x00007ff841e43000 	C:\Windows\System32\KERNEL32.DLL
0x00007ff841860000 - 0x00007ff841af3000 	C:\Windows\System32\KERNELBASE.dll
0x00007ff8447e0000 - 0x00007ff844883000 	C:\Windows\System32\ADVAPI32.dll
0x00007ff841e50000 - 0x00007ff841eee000 	C:\Windows\System32\msvcrt.dll
0x00007ff8439d0000 - 0x00007ff843a6e000 	C:\Windows\System32\sechost.dll
0x00007ff841c60000 - 0x00007ff841d82000 	C:\Windows\System32\RPCRT4.dll
0x00007ff8437c0000 - 0x00007ff843957000 	C:\Windows\System32\USER32.dll
0x00007ff840f10000 - 0x00007ff840f30000 	C:\Windows\System32\win32u.dll
0x00007ff843790000 - 0x00007ff8437b9000 	C:\Windows\System32\GDI32.dll
0x00007ff840a40000 - 0x00007ff840bda000 	C:\Windows\System32\gdi32full.dll
0x00007ff8409a0000 - 0x00007ff840a40000 	C:\Windows\System32\msvcp_win.dll
0x00007ff840f60000 - 0x00007ff84105c000 	C:\Windows\System32\ucrtbase.dll
0x00007ff831150000 - 0x00007ff8313c9000 	C:\Windows\WinSxS\amd64_microsoft.windows.common-controls_6595b64144ccf1df_6.0.17763.316_none_05b53be2071f46b6\COMCTL32.dll
0x00007ff841ef0000 - 0x00007ff84221d000 	C:\Windows\System32\combase.dll
0x00007ff840e10000 - 0x00007ff840e8e000 	C:\Windows\System32\bcryptPrimitives.dll
0x00007ff841b00000 - 0x00007ff841b2e000 	C:\Windows\System32\IMM32.DLL
0x000000005a6d0000 - 0x000000005a7a1000 	C:\Program Files\Java\jdk1.8.0_201\jre\bin\msvcr100.dll
0x0000000059e20000 - 0x000000005a6c4000 	C:\Program Files\Java\jdk1.8.0_201\jre\bin\server\jvm.dll
0x00007ff843960000 - 0x00007ff843968000 	C:\Windows\System32\PSAPI.DLL
0x00007ff83d240000 - 0x00007ff83d249000 	C:\Windows\SYSTEM32\WSOCK32.dll
0x00007ff83e520000 - 0x00007ff83e544000 	C:\Windows\SYSTEM32\WINMM.dll
0x00007ff844340000 - 0x00007ff8443ad000 	C:\Windows\System32\WS2_32.dll
0x00007ff838bd0000 - 0x00007ff838bda000 	C:\Windows\SYSTEM32\VERSION.dll
0x00007ff83e4f0000 - 0x00007ff83e51d000 	C:\Windows\SYSTEM32\WINMMBASE.dll
0x00007ff840dc0000 - 0x00007ff840e0a000 	C:\Windows\System32\cfgmgr32.dll
0x00007ff83d2e0000 - 0x00007ff83d2ef000 	C:\Program Files\Java\jdk1.8.0_201\jre\bin\verify.dll
0x00007ff838b90000 - 0x00007ff838bb9000 	C:\Program Files\Java\jdk1.8.0_201\jre\bin\java.dll
0x00007ff838ae0000 - 0x00007ff838b03000 	C:\Program Files\Java\jdk1.8.0_201\jre\bin\instrument.dll
0x00007ff83d2c0000 - 0x00007ff83d2d6000 	C:\Program Files\Java\jdk1.8.0_201\jre\bin\zip.dll
0x00007ff8422a0000 - 0x00007ff84378f000 	C:\Windows\System32\SHELL32.dll
0x00007ff844510000 - 0x00007ff8445b8000 	C:\Windows\System32\shcore.dll
0x00007ff841110000 - 0x00007ff84185a000 	C:\Windows\System32\windows.storage.dll
0x00007ff8408d0000 - 0x00007ff8408f4000 	C:\Windows\System32\profapi.dll
0x00007ff840940000 - 0x00007ff84099d000 	C:\Windows\System32\powrprof.dll
0x00007ff843af0000 - 0x00007ff843b42000 	C:\Windows\System32\shlwapi.dll
0x00007ff840920000 - 0x00007ff840931000 	C:\Windows\System32\kernel.appcore.dll
0x00007ff840ef0000 - 0x00007ff840f07000 	C:\Windows\System32\cryptsp.dll
0x00007ff833c00000 - 0x00007ff833c1a000 	E:\PROGRAMAS\JetBrains\IntelliJ IDEA 2018.2.7\bin\breakgen64.dll
0x00007ff8327e0000 - 0x00007ff8327fa000 	C:\Program Files\Java\jdk1.8.0_201\jre\bin\net.dll
0x00007ff836980000 - 0x00007ff836b57000 	C:\Windows\SYSTEM32\urlmon.dll
0x00007ff836d10000 - 0x00007ff836fb8000 	C:\Windows\SYSTEM32\iertutil.dll
0x00007ff8402d0000 - 0x00007ff8402dc000 	C:\Windows\SYSTEM32\CRYPTBASE.DLL
0x00007ff840100000 - 0x00007ff840167000 	C:\Windows\system32\mswsock.dll
0x00007ff838b30000 - 0x00007ff838b3d000 	C:\Program Files\Java\jdk1.8.0_201\jre\bin\management.dll
0x00007ff8327c0000 - 0x00007ff8327d1000 	C:\Program Files\Java\jdk1.8.0_201\jre\bin\nio.dll
0x00007ff83d280000 - 0x00007ff83d296000 	C:\Windows\system32\napinsp.dll
0x00007ff82d9f0000 - 0x00007ff82da0a000 	C:\Windows\system32\pnrpnsp.dll
0x00007ff83fea0000 - 0x00007ff83ff66000 	C:\Windows\SYSTEM32\DNSAPI.dll
0x00007ff844890000 - 0x00007ff844898000 	C:\Windows\System32\NSI.dll
0x00007ff83fe60000 - 0x00007ff83fe9d000 	C:\Windows\SYSTEM32\IPHLPAPI.DLL
0x00007ff83d270000 - 0x00007ff83d27e000 	C:\Windows\System32\winrnr.dll
0x00007ff83d1a0000 - 0x00007ff83d1bb000 	C:\Windows\system32\NLAapi.dll
0x00007ff8348d0000 - 0x00007ff8348e5000 	C:\Windows\system32\wshbth.dll
0x00007ff835500000 - 0x00007ff83550a000 	C:\Windows\System32\rasadhlp.dll
0x00007ff835510000 - 0x00007ff835589000 	C:\Windows\System32\fwpuclnt.dll
0x00007ff840f30000 - 0x00007ff840f56000 	C:\Windows\System32\bcrypt.dll
0x00007ff83fcc0000 - 0x00007ff83fcf3000 	C:\Windows\system32\rsaenh.dll
0x00007ff8407d0000 - 0x00007ff8407f8000 	C:\Windows\SYSTEM32\USERENV.dll
0x00007ff838ee0000 - 0x00007ff838ef6000 	C:\Windows\SYSTEM32\dhcpcsvc6.DLL
0x00007ff839630000 - 0x00007ff83964c000 	C:\Windows\SYSTEM32\dhcpcsvc.DLL
0x00007ff833530000 - 0x00007ff83371d000 	C:\Windows\SYSTEM32\dbghelp.dll

VM Arguments:
jvm_args: -XX:TieredStopAtLevel=1 -Xverify:none -Dspring.output.ansi.enabled=always -Dcom.sun.management.jmxremote -Dcom.sun.management.jmxremote.port=51309 -Dcom.sun.management.jmxremote.authenticate=false -Dcom.sun.management.jmxremote.ssl=false -Djava.rmi.server.hostname=localhost -Dspring.liveBeansView.mbeanDomain -Dspring.application.admin.enabled=true -javaagent:E:\PROGRAMAS\JetBrains\IntelliJ IDEA 2018.2.7\lib\idea_rt.jar=51310:E:\PROGRAMAS\JetBrains\IntelliJ IDEA 2018.2.7\bin -Dfile.encoding=UTF-8 
java_command: me.jhonnatanmesquita.mcspringbackend.McSpringBackendApplication
java_class_path (initial): C:\Program Files\Java\jdk1.8.0_201\jre\lib\charsets.jar;C:\Program Files\Java\jdk1.8.0_201\jre\lib\deploy.jar;C:\Program Files\Java\jdk1.8.0_201\jre\lib\ext\access-bridge-64.jar;C:\Program Files\Java\jdk1.8.0_201\jre\lib\ext\cldrdata.jar;C:\Program Files\Java\jdk1.8.0_201\jre\lib\ext\dnsns.jar;C:\Program Files\Java\jdk1.8.0_201\jre\lib\ext\jaccess.jar;C:\Program Files\Java\jdk1.8.0_201\jre\lib\ext\jfxrt.jar;C:\Program Files\Java\jdk1.8.0_201\jre\lib\ext\localedata.jar;C:\Program Files\Java\jdk1.8.0_201\jre\lib\ext\nashorn.jar;C:\Program Files\Java\jdk1.8.0_201\jre\lib\ext\sunec.jar;C:\Program Files\Java\jdk1.8.0_201\jre\lib\ext\sunjce_provider.jar;C:\Program Files\Java\jdk1.8.0_201\jre\lib\ext\sunmscapi.jar;C:\Program Files\Java\jdk1.8.0_201\jre\lib\ext\sunpkcs11.jar;C:\Program Files\Java\jdk1.8.0_201\jre\lib\ext\zipfs.jar;C:\Program Files\Java\jdk1.8.0_201\jre\lib\javaws.jar;C:\Program Files\Java\jdk1.8.0_201\jre\lib\jce.jar;C:\Program Files\Java\jdk1.8.0_201\jre\lib\jfr.jar;C:\Program Files\Java\jdk1.8.0_201\jre\lib\jfxswt.jar;C:\Program Files\Java\jdk1.8.0_201\jre\lib\jsse.jar;C:\Program Files\Java\jdk1.8.0_201\jre\lib\management-agent.jar;C:\Program Files\Java\jdk1.8.0_201\jre\lib\plugin.jar;C:\Program Files\Java\jdk1.8.0_201\jre\lib\resources.jar;C:\Program Files\Java\jdk1.8.0_201\jre\lib\rt.jar;C:\Users\PC\IdeaProjects\mc-spring-backend\target\classes;C:\Users\PC\.m2\repository\org\springframework\boot\spring-boot-starter-web\2.1.3.RELEASE\spring-boot-starter-web-2.1.3.RELEASE.jar;C:\Users\PC\.m2\repository\org\springframework\boot\spring-boot-starter\2.1.3.RELEASE\spring-boot-starter-2.1.3.RELEASE.jar;C:\Users\PC\.m2\repository\org\springframework\boot\spring-boot-starter-logging\2.1.3.RELEASE\spring-boot-starter-logging-2.1.3.RELEASE.jar;C:\Users\PC\.m2\repository\ch\qos\logback\logback-classic\1.2.3\logback-classic-1.2.3.jar;C:\Users\PC\.m2\repository\ch\qos\logback\logback-core\1.2.3\logback-core-1.2.3.jar;C:\Users\PC\.m2\repos
Launcher Type: SUN_STANDARD

Environment Variables:
PATH=C:\Program Files (x86)\Common Files\Oracle\Java\javapath;C:\Windows\system32;C:\Windows;C:\Windows\System32\Wbem;C:\Windows\System32\WindowsPowerShell\v1.0\;C:\Windows\System32\OpenSSH\;C:\Program Files\nodejs\;C:\Program Files\Git\cmd;C:\Users\PC\AppData\Local\Microsoft\WindowsApps;C:\Users\PC\AppData\Roaming\npm;C:\Program Files\gradle-5.1.1\bin;
USERNAME=PC
OS=Windows_NT
PROCESSOR_IDENTIFIER=Intel64 Family 6 Model 42 Stepping 7, GenuineIntel



---------------  S Y S T E M  ---------------

OS: Windows 10.0 , 64 bit Build 17763 (10.0.17763.292)

CPU:total 4 (initial active 4) (2 cores per cpu, 2 threads per core) family 6 model 42 stepping 7, cmov, cx8, fxsr, mmx, sse, sse2, sse3, ssse3, sse4.1, sse4.2, popcnt, avx, clmul, ht, tsc, tscinvbit

Memory: 4k page, physical 6200084k(1789168k free), swap 7838484k(1800804k free)

vm_info: Java HotSpot(TM) 64-Bit Server VM (25.201-b09) for windows-amd64 JRE (1.8.0_201-b09), built on Dec 15 2018 18:36:39 by "java_re" with MS VC++ 10.0 (VS2010)

time: Sun Feb 24 16:39:55 2019
timezone: Hora oficial do Brasil
elapsed time: 14 seconds (0d 0h 0m 14s)

